The system is: Linux - sh: 0: getcwd() failed: No such file or directory
5.3.0-51-generic - sh: 0: getcwd() failed: No such file or directory
x86_64
Determining if the C compiler works passed with the following output:
Change Dir: /home/shiv/Desktop/desktop_files/1/projects/c++17/thread/cpp17/CppFeatures/OperatorOverloading/build/CMakeFiles/CMakeTmp

Run Build Command:"/usr/bin/make" "cmTC_84f97/fast"
/usr/bin/make -f CMakeFiles/cmTC_84f97.dir/build.make CMakeFiles/cmTC_84f97.dir/build
make[1]: Entering directory '/home/shiv/Desktop/desktop_files/1/projects/c++17/thread/cpp17/CppFeatures/OperatorOverloading/build/CMakeFiles/CMakeTmp'
Building C object CMakeFiles/cmTC_84f97.dir/testCCompiler.c.o
/usr/bin/cc    -o CMakeFiles/cmTC_84f97.dir/testCCompiler.c.o   -c /home/shiv/Desktop/desktop_files/1/projects/c++17/thread/cpp17/CppFeatures/OperatorOverloading/build/CMakeFiles/CMakeTmp/testCCompiler.c
Linking C executable cmTC_84f97
/usr/bin/cmake -E cmake_link_script CMakeFiles/cmTC_84f97.dir/link.txt --verbose=1
/usr/bin/cc      CMakeFiles/cmTC_84f97.dir/testCCompiler.c.o  -o cmTC_84f97 
make[1]: Leaving directory '/home/shiv/Desktop/desktop_files/1/projects/c++17/thread/cpp17/CppFeatures/OperatorOverloading/build/CMakeFiles/CMakeTmp'


Detecting C compiler ABI info compiled with the following output:
Change Dir: /home/shiv/Desktop/desktop_files/1/projects/c++17/thread/cpp17/CppFeatures/OperatorOverloading/build/CMakeFiles/CMakeTmp

Run Build Command:"/usr/bin/make" "cmTC_115fb/fast"
/usr/bin/make -f CMakeFiles/cmTC_115fb.dir/build.make CMakeFiles/cmTC_115fb.dir/build
make[1]: Entering directory '/home/shiv/Desktop/desktop_files/1/projects/c++17/thread/cpp17/CppFeatures/OperatorOverloading/build/CMakeFiles/CMakeTmp'
Building C object CMakeFiles/cmTC_115fb.dir/CMakeCCompilerABI.c.o
/usr/bin/cc    -o CMakeFiles/cmTC_115fb.dir/CMakeCCompilerABI.c.o   -c /usr/share/cmake-3.10/Modules/CMakeCCompilerABI.c
Linking C executable cmTC_115fb
/usr/bin/cmake -E cmake_link_script CMakeFiles/cmTC_115fb.dir/link.txt --verbose=1
/usr/bin/cc      CMakeFiles/cmTC_115fb.dir/CMakeCCompilerABI.c.o  -o cmTC_115fb 
make[1]: Leaving directory '/home/shiv/Desktop/desktop_files/1/projects/c++17/thread/cpp17/CppFeatures/OperatorOverloading/build/CMakeFiles/CMakeTmp'


Determining if the CXX compiler works passed with the following output:
Change Dir: /home/shiv/Desktop/desktop_files/1/projects/c++17/thread/cpp17/CppFeatures/OperatorOverloading/build/CMakeFiles/CMakeTmp

Run Build Command:"/usr/bin/make" "cmTC_f17ee/fast"
/usr/bin/make -f CMakeFiles/cmTC_f17ee.dir/build.make CMakeFiles/cmTC_f17ee.dir/build
make[1]: Entering directory '/home/shiv/Desktop/desktop_files/1/projects/c++17/thread/cpp17/CppFeatures/OperatorOverloading/build/CMakeFiles/CMakeTmp'
Building CXX object CMakeFiles/cmTC_f17ee.dir/testCXXCompiler.cxx.o
/usr/bin/c++     -o CMakeFiles/cmTC_f17ee.dir/testCXXCompiler.cxx.o -c /home/shiv/Desktop/desktop_files/1/projects/c++17/thread/cpp17/CppFeatures/OperatorOverloading/build/CMakeFiles/CMakeTmp/testCXXCompiler.cxx
Linking CXX executable cmTC_f17ee
/usr/bin/cmake -E cmake_link_script CMakeFiles/cmTC_f17ee.dir/link.txt --verbose=1
/usr/bin/c++       CMakeFiles/cmTC_f17ee.dir/testCXXCompiler.cxx.o  -o cmTC_f17ee 
make[1]: Leaving directory '/home/shiv/Desktop/desktop_files/1/projects/c++17/thread/cpp17/CppFeatures/OperatorOverloading/build/CMakeFiles/CMakeTmp'


Detecting CXX compiler ABI info compiled with the following output:
Change Dir: /home/shiv/Desktop/desktop_files/1/projects/c++17/thread/cpp17/CppFeatures/OperatorOverloading/build/CMakeFiles/CMakeTmp

Run Build Command:"/usr/bin/make" "cmTC_a918e/fast"
/usr/bin/make -f CMakeFiles/cmTC_a918e.dir/build.make CMakeFiles/cmTC_a918e.dir/build
make[1]: Entering directory '/home/shiv/Desktop/desktop_files/1/projects/c++17/thread/cpp17/CppFeatures/OperatorOverloading/build/CMakeFiles/CMakeTmp'
Building CXX object CMakeFiles/cmTC_a918e.dir/CMakeCXXCompilerABI.cpp.o
/usr/bin/c++     -o CMakeFiles/cmTC_a918e.dir/CMakeCXXCompilerABI.cpp.o -c /usr/share/cmake-3.10/Modules/CMakeCXXCompilerABI.cpp
Linking CXX executable cmTC_a918e
/usr/bin/cmake -E cmake_link_script CMakeFiles/cmTC_a918e.dir/link.txt --verbose=1
/usr/bin/c++       CMakeFiles/cmTC_a918e.dir/CMakeCXXCompilerABI.cpp.o  -o cmTC_a918e 
make[1]: Leaving directory '/home/shiv/Desktop/desktop_files/1/projects/c++17/thread/cpp17/CppFeatures/OperatorOverloading/build/CMakeFiles/CMakeTmp'


